<?xml version="1.0" encoding="UTF-8"?>
<testng-results skipped="0" failed="0" ignored="0" total="1" passed="1">
  <reporter-output>
  </reporter-output>
  <suite name="Default suite" duration-ms="27732" started-at="2020-05-16T19:20:23Z" finished-at="2020-05-16T19:20:51Z">
    <groups>
    </groups>
    <test name="Default test" duration-ms="27732" started-at="2020-05-16T19:20:23Z" finished-at="2020-05-16T19:20:51Z">
      <class name="test.AddContactTest">
        <test-method status="PASS" signature="userShouldBeAbleAddContact()[pri:0, instance:test.AddContactTest@41e36e46]" name="userShouldBeAbleAddContact" duration-ms="27681" started-at="2020-05-16T14:20:23Z" finished-at="2020-05-16T14:20:51Z">
          <reporter-output>
          </reporter-output>
        </test-method> <!-- userShouldBeAbleAddContact -->
      </class> <!-- test.AddContactTest -->
    </test> <!-- Default test -->
  </suite> <!-- Default suite -->
</testng-results>
