<?xml version="1.0" encoding="UTF-8"?>
<testng-results skipped="0" failed="0" ignored="0" total="1" passed="1">
  <reporter-output>
  </reporter-output>
  <suite name="Default suite" duration-ms="6465" started-at="2020-05-20T10:12:24 CDT" finished-at="2020-05-20T10:12:30 CDT">
    <groups>
    </groups>
    <test name="Default test" duration-ms="6465" started-at="2020-05-20T10:12:24 CDT" finished-at="2020-05-20T10:12:30 CDT">
      <class name="test.LoginTest">
        <test-method status="PASS" signature="validUserShouldBeAbleToLogin()[pri:0, instance:test.LoginTest@36fc695d]" name="validUserShouldBeAbleToLogin" duration-ms="6433" started-at="2020-05-20T10:12:24 CDT" finished-at="2020-05-20T10:12:30 CDT">
          <reporter-output>
          </reporter-output>
        </test-method> <!-- validUserShouldBeAbleToLogin -->
      </class> <!-- test.LoginTest -->
    </test> <!-- Default test -->
  </suite> <!-- Default suite -->
</testng-results>
